<?xml version="1.0" encoding="UTF-8"?>
<testng-results ignored="0" total="1" passed="1" failed="0" skipped="0">
  <reporter-output>
  </reporter-output>
  <suite started-at="2022-10-02T12:43:48 IST" name="Default suite" finished-at="2022-10-02T12:43:52 IST" duration-ms="4542">
    <groups>
    </groups>
    <test started-at="2022-10-02T12:43:48 IST" name="Default test" finished-at="2022-10-02T12:43:52 IST" duration-ms="4542">
      <class name="NewProject.YahooProject.TermsAndConditionCheckTestCase">
        <test-method signature="TermsAndCondition()[pri:0, instance:NewProject.YahooProject.TermsAndConditionCheckTestCase@5f058f00]" started-at="2022-10-02T12:43:48 IST" name="TermsAndCondition" finished-at="2022-10-02T12:43:52 IST" duration-ms="4518" status="PASS">
          <reporter-output>
          </reporter-output>
        </test-method> <!-- TermsAndCondition -->
      </class> <!-- NewProject.YahooProject.TermsAndConditionCheckTestCase -->
    </test> <!-- Default test -->
  </suite> <!-- Default suite -->
</testng-results>
